<?xml version="1.0" encoding="UTF-8"?>
<testng-results skipped="0" failed="1" total="1" passed="0">
  <reporter-output>
  </reporter-output>
  <suite name="Suite" duration-ms="24523" started-at="2019-11-12T16:33:46Z" finished-at="2019-11-12T16:34:11Z">
    <groups>
    </groups>
    <test name="Test" duration-ms="24523" started-at="2019-11-12T16:33:46Z" finished-at="2019-11-12T16:34:11Z">
      <class name="com.testautomation.TestRunner.TestRunner">
        <test-method status="PASS" signature="setUpClass()[pri:0, instance:com.testautomation.TestRunner.TestRunner@3f49dace]" name="setUpClass" is-config="true" duration-ms="210" started-at="2019-11-12T22:03:46Z" finished-at="2019-11-12T22:03:46Z">
          <reporter-output>
          </reporter-output>
        </test-method> <!-- setUpClass -->
        <test-method status="FAIL" signature="feature(cucumber.api.testng.PickleEventWrapper, cucumber.api.testng.CucumberFeatureWrapper)[pri:0, instance:com.testautomation.TestRunner.TestRunner@3f49dace]" name="feature" duration-ms="22538" started-at="2019-11-12T22:03:46Z" data-provider="features" finished-at="2019-11-12T22:04:09Z">
          <params>
            <param index="0">
              <value>
                <![CDATA["Youtube channel name validations"]]>
              </value>
            </param>
            <param index="1">
              <value>
                <![CDATA["Youtube channel name validation"]]>
              </value>
            </param>
          </params>
          <exception class="cucumber.runtime.CucumberException">
            <message>
              <![CDATA[Step [^Search selenium tutorial$] is defined with 1 parameters at 'com.testautomation.StepDef.YoutubeChannelValidation.search_selenium_tutorial(String) in file:/C:/Users/Dhiraj%20varma/eclipse-workspace/SeleniumCucumberFramework/target/classes/'.
However, the gherkin step has 0 arguments.
Step text: Search selenium tutorial]]>
            </message>
            <full-stacktrace>
              <![CDATA[cucumber.runtime.CucumberException: Step [^Search selenium tutorial$] is defined with 1 parameters at 'com.testautomation.StepDef.YoutubeChannelValidation.search_selenium_tutorial(String) in file:/C:/Users/Dhiraj%20varma/eclipse-workspace/SeleniumCucumberFramework/target/classes/'.
However, the gherkin step has 0 arguments.
Step text: Search selenium tutorial
	at cucumber.runner.PickleStepDefinitionMatch.arityMismatch(PickleStepDefinitionMatch.java:84)
	at cucumber.runner.PickleStepDefinitionMatch.runStep(PickleStepDefinitionMatch.java:36)
	at cucumber.runner.TestStep.executeStep(TestStep.java:63)
	at cucumber.runner.TestStep.run(TestStep.java:49)
	at cucumber.runner.PickleStepTestStep.run(PickleStepTestStep.java:43)
	at cucumber.runner.TestCase.run(TestCase.java:44)
	at cucumber.runner.Runner.runPickle(Runner.java:40)
	at cucumber.api.testng.TestNGCucumberRunner.runScenario(TestNGCucumberRunner.java:68)
	at com.testautomation.TestRunner.TestRunner.feature(TestRunner.java:32)
	at sun.reflect.NativeMethodAccessorImpl.invoke0(Native Method)
	at sun.reflect.NativeMethodAccessorImpl.invoke(Unknown Source)
	at sun.reflect.DelegatingMethodAccessorImpl.invoke(Unknown Source)
	at java.lang.reflect.Method.invoke(Unknown Source)
	at org.testng.internal.MethodInvocationHelper.invokeMethod(MethodInvocationHelper.java:85)
	at org.testng.internal.Invoker.invokeMethod(Invoker.java:639)
	at org.testng.internal.Invoker.invokeTestMethod(Invoker.java:816)
	at org.testng.internal.Invoker.invokeTestMethods(Invoker.java:1124)
	at org.testng.internal.TestMethodWorker.invokeTestMethods(TestMethodWorker.java:125)
	at org.testng.internal.TestMethodWorker.run(TestMethodWorker.java:108)
	at org.testng.TestRunner.privateRun(TestRunner.java:774)
	at org.testng.TestRunner.run(TestRunner.java:624)
	at org.testng.SuiteRunner.runTest(SuiteRunner.java:359)
	at org.testng.SuiteRunner.runSequentially(SuiteRunner.java:354)
	at org.testng.SuiteRunner.privateRun(SuiteRunner.java:312)
	at org.testng.SuiteRunner.run(SuiteRunner.java:261)
	at org.testng.SuiteRunnerWorker.runSuite(SuiteRunnerWorker.java:52)
	at org.testng.SuiteRunnerWorker.run(SuiteRunnerWorker.java:86)
	at org.testng.TestNG.runSuitesSequentially(TestNG.java:1215)
	at org.testng.TestNG.runSuitesLocally(TestNG.java:1140)
	at org.testng.TestNG.run(TestNG.java:1048)
	at org.testng.remote.AbstractRemoteTestNG.run(AbstractRemoteTestNG.java:114)
	at org.testng.remote.RemoteTestNG.initAndRun(RemoteTestNG.java:251)
	at org.testng.remote.RemoteTestNG.main(RemoteTestNG.java:77)
]]>
            </full-stacktrace>
          </exception> <!-- cucumber.runtime.CucumberException -->
          <reporter-output>
          </reporter-output>
        </test-method> <!-- feature -->
        <test-method status="PASS" signature="tearDownClass()[pri:0, instance:com.testautomation.TestRunner.TestRunner@3f49dace]" name="tearDownClass" is-config="true" duration-ms="1448" started-at="2019-11-12T22:04:09Z" finished-at="2019-11-12T22:04:11Z">
          <reporter-output>
          </reporter-output>
        </test-method> <!-- tearDownClass -->
      </class> <!-- com.testautomation.TestRunner.TestRunner -->
    </test> <!-- Test -->
  </suite> <!-- Suite -->
</testng-results>
